<?xml version="1.0" encoding="UTF-8"?>
<testng-results skipped="0" failed="0" total="1" passed="1">
  <reporter-output>
  </reporter-output>
  <suite name="Default suite" duration-ms="42492" started-at="2017-04-26T08:02:17Z" finished-at="2017-04-26T08:02:59Z">
    <groups>
    </groups>
    <test name="Default test" duration-ms="42492" started-at="2017-04-26T08:02:17Z" finished-at="2017-04-26T08:02:59Z">
      <class name="com.proj.javalearnings.BookingFlightTestCase">
        <test-method status="PASS" signature="setup()[pri:0, instance:com.proj.javalearnings.BookingFlightTestCase@343f4d3d]" name="setup" is-config="true" duration-ms="17892" started-at="2017-04-26T04:02:17Z" finished-at="2017-04-26T04:02:35Z">
          <reporter-output>
          </reporter-output>
        </test-method> <!-- setup -->
        <test-method status="PASS" signature="test_Home_Page()[pri:0, instance:com.proj.javalearnings.BookingFlightTestCase@343f4d3d]" name="test_Home_Page" duration-ms="23932" started-at="2017-04-26T04:02:35Z" finished-at="2017-04-26T04:02:59Z">
          <reporter-output>
          </reporter-output>
        </test-method> <!-- test_Home_Page -->
        <test-method status="PASS" signature="closeBrowser()[pri:0, instance:com.proj.javalearnings.BookingFlightTestCase@343f4d3d]" name="closeBrowser" is-config="true" duration-ms="596" started-at="2017-04-26T04:02:59Z" finished-at="2017-04-26T04:02:59Z">
          <reporter-output>
          </reporter-output>
        </test-method> <!-- closeBrowser -->
      </class> <!-- com.proj.javalearnings.BookingFlightTestCase -->
    </test> <!-- Default test -->
  </suite> <!-- Default suite -->
</testng-results>
